<?xml version="1.0" encoding="UTF-8"?>
<!-- Generated by org.testng.reporters.JUnitReportReporter -->
<testsuite skipped="0" hostname="L806452" name="hle.paka.SeleniumTest" tests="1" failures="0" timestamp="2020-02-03T12:35:33 CET" time="11.318" errors="0">
  <testcase name="typingIntoWebElementTest" time="11.318" classname="hle.paka.SeleniumTest"/>
  <system-out/>
</testsuite> <!-- hle.paka.SeleniumTest -->
